<?xml version="1.0" encoding="UTF-8"?>
<coverage generated="1554728676362" clover="3.2.0">
  <project timestamp="1554728676362" name="All files">
    <metrics statements="75" coveredstatements="20" conditionals="12" coveredconditionals="2" methods="35" coveredmethods="7" elements="122" coveredelements="29" complexity="0" loc="75" ncloc="75" packages="3" files="5" classes="5">
      <package name="src">
        <metrics statements="1" coveredstatements="1" conditionals="0" coveredconditionals="0" methods="0" coveredmethods="0"/>
        <file name="setupTest.js" path="/home/trainode26/Projects/chat-server/src/setupTest.js">
          <metrics statements="1" coveredstatements="1" conditionals="0" coveredconditionals="0" methods="0" coveredmethods="0"/>
          <line num="4" count="1" type="stmt"/>
        </file>
      </package>
      <package name="src.pages.SnackBarProvider">
        <metrics statements="17" coveredstatements="6" conditionals="0" coveredconditionals="0" methods="7" coveredmethods="1"/>
        <file name="SnackBarProvider.jsx" path="/home/trainode26/Projects/chat-server/src/pages/SnackBarProvider/SnackBarProvider.jsx">
          <metrics statements="17" coveredstatements="6" conditionals="0" coveredconditionals="0" methods="7" coveredmethods="1"/>
          <line num="11" count="1" type="stmt"/>
          <line num="13" count="1" type="stmt"/>
          <line num="18" count="1" type="stmt"/>
          <line num="41" count="0" type="stmt"/>
          <line num="42" count="0" type="stmt"/>
          <line num="50" count="0" type="stmt"/>
          <line num="58" count="0" type="stmt"/>
          <line num="66" count="0" type="stmt"/>
          <line num="71" count="0" type="stmt"/>
          <line num="72" count="0" type="stmt"/>
          <line num="73" count="0" type="stmt"/>
          <line num="97" count="0" type="stmt"/>
          <line num="98" count="0" type="stmt"/>
          <line num="100" count="0" type="stmt"/>
          <line num="131" count="1" type="stmt"/>
          <line num="135" count="1" type="stmt"/>
          <line num="139" count="1" type="stmt"/>
        </file>
        <file name="index.js" path="/home/trainode26/Projects/chat-server/src/pages/SnackBarProvider/index.js">
          <metrics statements="0" coveredstatements="0" conditionals="0" coveredconditionals="0" methods="0" coveredmethods="0"/>
        </file>
      </package>
      <package name="src.pages.components">
        <metrics statements="57" coveredstatements="13" conditionals="12" coveredconditionals="2" methods="28" coveredmethods="6"/>
        <file name="CreateUser.jsx" path="/home/trainode26/Projects/chat-server/src/pages/components/CreateUser.jsx">
          <metrics statements="44" coveredstatements="8" conditionals="10" coveredconditionals="2" methods="22" coveredmethods="4"/>
          <line num="14" count="1" type="stmt"/>
          <line num="50" count="0" type="stmt"/>
          <line num="54" count="0" type="stmt"/>
          <line num="70" count="0" type="stmt"/>
          <line num="71" count="0" type="stmt"/>
          <line num="72" count="0" type="stmt"/>
          <line num="73" count="0" type="stmt"/>
          <line num="74" count="0" type="stmt"/>
          <line num="75" count="0" type="stmt"/>
          <line num="76" count="0" type="stmt"/>
          <line num="79" count="0" type="stmt"/>
          <line num="81" count="0" type="stmt"/>
          <line num="82" count="0" type="stmt"/>
          <line num="83" count="0" type="stmt"/>
          <line num="89" count="8" type="stmt"/>
          <line num="90" count="0" type="stmt"/>
          <line num="99" count="0" type="stmt"/>
          <line num="100" count="0" type="stmt"/>
          <line num="105" count="0" type="stmt"/>
          <line num="108" count="0" type="stmt"/>
          <line num="113" count="0" type="stmt"/>
          <line num="114" count="0" type="stmt"/>
          <line num="115" count="0" type="cond" truecount="0" falsecount="2"/>
          <line num="116" count="0" type="stmt"/>
          <line num="117" count="0" type="stmt"/>
          <line num="118" count="0" type="stmt"/>
          <line num="121" count="0" type="stmt"/>
          <line num="127" count="8" type="stmt"/>
          <line num="130" count="0" type="stmt"/>
          <line num="131" count="0" type="stmt"/>
          <line num="140" count="0" type="stmt"/>
          <line num="141" count="0" type="cond" truecount="0" falsecount="4"/>
          <line num="142" count="0" type="stmt"/>
          <line num="144" count="0" type="stmt"/>
          <line num="146" count="0" type="stmt"/>
          <line num="152" count="8" type="stmt"/>
          <line num="153" count="8" type="cond" truecount="1" falsecount="1"/>
          <line num="154" count="8" type="stmt"/>
          <line num="156" count="0" type="stmt"/>
          <line num="160" count="4" type="stmt"/>
          <line num="161" count="4" type="stmt"/>
          <line num="208" count="0" type="stmt"/>
          <line num="210" count="0" type="stmt"/>
          <line num="211" count="0" type="stmt"/>
        </file>
        <file name="TableComponent.jsx" path="/home/trainode26/Projects/chat-server/src/pages/components/TableComponent.jsx">
          <metrics statements="13" coveredstatements="5" conditionals="2" coveredconditionals="0" methods="6" coveredmethods="2"/>
          <line num="11" count="1" type="stmt"/>
          <line num="41" count="0" type="stmt"/>
          <line num="45" count="0" type="stmt"/>
          <line num="46" count="0" type="stmt"/>
          <line num="47" count="0" type="stmt"/>
          <line num="48" count="0" type="cond" truecount="0" falsecount="2"/>
          <line num="49" count="0" type="stmt"/>
          <line num="54" count="0" type="stmt"/>
          <line num="60" count="0" type="stmt"/>
          <line num="68" count="2" type="stmt"/>
          <line num="69" count="2" type="stmt"/>
          <line num="70" count="2" type="stmt"/>
          <line num="87" count="1" type="stmt"/>
        </file>
      </package>
    </metrics>
  </project>
</coverage>
