{"/home/trainode26/Projects/chat-server/src/setupTest.js": {"path":"/home/trainode26/Projects/chat-server/src/setupTest.js","statementMap":{"0":{"start":{"line":4,"column":0},"end":{"line":4,"column":37}}},"fnMap":{},"branchMap":{},"s":{"0":1},"f":{},"b":{},"_coverageSchema":"332fd63041d2c1bcb487cc26dd0d5f7d97098a6c","hash":"0917cbc67bf401cb5c9ec74cde37b138d344408a"}
,"/home/trainode26/Projects/chat-server/src/pages/SnackBarProvider/SnackBarProvider.jsx": {"path":"/home/trainode26/Projects/chat-server/src/pages/SnackBarProvider/SnackBarProvider.jsx","statementMap":{"0":{"start":{"line":11,"column":24},"end":{"line":11,"column":52}},"1":{"start":{"line":13,"column":20},"end":{"line":16,"column":1}},"2":{"start":{"line":18,"column":15},"end":{"line":37,"column":2}},"3":{"start":{"line":18,"column":25},"end":{"line":37,"column":1}},"4":{"start":{"line":41,"column":4},"end":{"line":41,"column":17}},"5":{"start":{"line":42,"column":4},"end":{"line":46,"column":6}},"6":{"start":{"line":50,"column":4},"end":{"line":54,"column":7}},"7":{"start":{"line":58,"column":4},"end":{"line":62,"column":7}},"8":{"start":{"line":66,"column":4},"end":{"line":66,"column":37}},"9":{"start":{"line":71,"column":24},"end":{"line":71,"column":34}},"10":{"start":{"line":72,"column":17},"end":{"line":72,"column":36}},"11":{"start":{"line":73,"column":4},"end":{"line":93,"column":6}},"12":{"start":{"line":97,"column":34},"end":{"line":97,"column":44}},"13":{"start":{"line":98,"column":40},"end":{"line":98,"column":50}},"14":{"start":{"line":100,"column":4},"end":{"line":128,"column":6}},"15":{"start":{"line":131,"column":0},"end":{"line":134,"column":2}},"16":{"start":{"line":135,"column":0},"end":{"line":137,"column":2}},"17":{"start":{"line":139,"column":39},"end":{"line":139,"column":63}}},"fnMap":{"0":{"name":"(anonymous_0)","decl":{"start":{"line":18,"column":15},"end":{"line":18,"column":16}},"loc":{"start":{"line":18,"column":25},"end":{"line":37,"column":1}},"line":18},"1":{"name":"(anonymous_1)","decl":{"start":{"line":40,"column":2},"end":{"line":40,"column":3}},"loc":{"start":{"line":40,"column":21},"end":{"line":47,"column":3}},"line":40},"2":{"name":"(anonymous_2)","decl":{"start":{"line":49,"column":17},"end":{"line":49,"column":18}},"loc":{"start":{"line":49,"column":38},"end":{"line":55,"column":3}},"line":49},"3":{"name":"(anonymous_3)","decl":{"start":{"line":57,"column":18},"end":{"line":57,"column":19}},"loc":{"start":{"line":57,"column":24},"end":{"line":63,"column":3}},"line":57},"4":{"name":"(anonymous_4)","decl":{"start":{"line":65,"column":16},"end":{"line":65,"column":17}},"loc":{"start":{"line":65,"column":22},"end":{"line":67,"column":3}},"line":65},"5":{"name":"(anonymous_5)","decl":{"start":{"line":70,"column":20},"end":{"line":70,"column":21}},"loc":{"start":{"line":70,"column":50},"end":{"line":94,"column":3}},"line":70},"6":{"name":"(anonymous_6)","decl":{"start":{"line":96,"column":2},"end":{"line":96,"column":3}},"loc":{"start":{"line":96,"column":11},"end":{"line":129,"column":3}},"line":96}},"branchMap":{},"s":{"0":1,"1":1,"2":1,"3":1,"4":0,"5":0,"6":0,"7":0,"8":0,"9":0,"10":0,"11":0,"12":0,"13":0,"14":0,"15":1,"16":1,"17":1},"f":{"0":1,"1":0,"2":0,"3":0,"4":0,"5":0,"6":0},"b":{},"_coverageSchema":"332fd63041d2c1bcb487cc26dd0d5f7d97098a6c","hash":"b1d66316653edca281aaafe27ea9bdbc225fc443"}
,"/home/trainode26/Projects/chat-server/src/pages/SnackBarProvider/index.js": {"path":"/home/trainode26/Projects/chat-server/src/pages/SnackBarProvider/index.js","statementMap":{},"fnMap":{},"branchMap":{},"s":{},"f":{},"b":{},"_coverageSchema":"332fd63041d2c1bcb487cc26dd0d5f7d97098a6c","hash":"1ea8312931390ae51c30e3bca5be941c856ee958"}
,"/home/trainode26/Projects/chat-server/src/pages/components/CreateUser.jsx": {"path":"/home/trainode26/Projects/chat-server/src/pages/components/CreateUser.jsx","statementMap":{"0":{"start":{"line":14,"column":17},"end":{"line":22,"column":1}},"1":{"start":{"line":50,"column":4},"end":{"line":50,"column":34}},"2":{"start":{"line":54,"column":4},"end":{"line":66,"column":7}},"3":{"start":{"line":70,"column":4},"end":{"line":70,"column":41}},"4":{"start":{"line":71,"column":4},"end":{"line":71,"column":23}},"5":{"start":{"line":72,"column":28},"end":{"line":72,"column":38}},"6":{"start":{"line":73,"column":4},"end":{"line":80,"column":7}},"7":{"start":{"line":74,"column":34},"end":{"line":74,"column":51}},"8":{"start":{"line":75,"column":20},"end":{"line":75,"column":37}},"9":{"start":{"line":76,"column":6},"end":{"line":76,"column":63}},"10":{"start":{"line":79,"column":6},"end":{"line":79,"column":29}},"11":{"start":{"line":81,"column":4},"end":{"line":81,"column":58}},"12":{"start":{"line":82,"column":4},"end":{"line":82,"column":23}},"13":{"start":{"line":83,"column":4},"end":{"line":85,"column":7}},"14":{"start":{"line":89,"column":26},"end":{"line":93,"column":3}},"15":{"start":{"line":90,"column":4},"end":{"line":92,"column":26}},"16":{"start":{"line":99,"column":8},"end":{"line":99,"column":18}},"17":{"start":{"line":100,"column":4},"end":{"line":109,"column":9}},"18":{"start":{"line":105,"column":8},"end":{"line":105,"column":31}},"19":{"start":{"line":108,"column":8},"end":{"line":108,"column":30}},"20":{"start":{"line":113,"column":26},"end":{"line":113,"column":28}},"21":{"start":{"line":114,"column":22},"end":{"line":114,"column":24}},"22":{"start":{"line":115,"column":4},"end":{"line":120,"column":5}},"23":{"start":{"line":116,"column":6},"end":{"line":119,"column":9}},"24":{"start":{"line":117,"column":8},"end":{"line":117,"column":54}},"25":{"start":{"line":118,"column":8},"end":{"line":118,"column":39}},"26":{"start":{"line":121,"column":4},"end":{"line":124,"column":7}},"27":{"start":{"line":127,"column":23},"end":{"line":134,"column":3}},"28":{"start":{"line":130,"column":8},"end":{"line":130,"column":18}},"29":{"start":{"line":131,"column":4},"end":{"line":133,"column":26}},"30":{"start":{"line":140,"column":8},"end":{"line":140,"column":18}},"31":{"start":{"line":141,"column":4},"end":{"line":145,"column":5}},"32":{"start":{"line":141,"column":43},"end":{"line":141,"column":47}},"33":{"start":{"line":142,"column":43},"end":{"line":142,"column":47}},"34":{"start":{"line":144,"column":6},"end":{"line":144,"column":19}},"35":{"start":{"line":146,"column":4},"end":{"line":146,"column":16}},"36":{"start":{"line":152,"column":8},"end":{"line":152,"column":18}},"37":{"start":{"line":153,"column":4},"end":{"line":155,"column":5}},"38":{"start":{"line":154,"column":6},"end":{"line":154,"column":16}},"39":{"start":{"line":156,"column":4},"end":{"line":156,"column":24}},"40":{"start":{"line":160,"column":55},"end":{"line":160,"column":65}},"41":{"start":{"line":161,"column":4},"end":{"line":225,"column":6}},"42":{"start":{"line":208,"column":18},"end":{"line":218,"column":44}},"43":{"start":{"line":210,"column":22},"end":{"line":216,"column":31}},"44":{"start":{"line":211,"column":41},"end":{"line":211,"column":84}}},"fnMap":{"0":{"name":"(anonymous_0)","decl":{"start":{"line":49,"column":20},"end":{"line":49,"column":21}},"loc":{"start":{"line":49,"column":26},"end":{"line":51,"column":3}},"line":49},"1":{"name":"(anonymous_1)","decl":{"start":{"line":53,"column":16},"end":{"line":53,"column":17}},"loc":{"start":{"line":53,"column":22},"end":{"line":67,"column":3}},"line":53},"2":{"name":"(anonymous_2)","decl":{"start":{"line":69,"column":17},"end":{"line":69,"column":18}},"loc":{"start":{"line":69,"column":47},"end":{"line":87,"column":3}},"line":69},"3":{"name":"(anonymous_3)","decl":{"start":{"line":73,"column":48},"end":{"line":73,"column":49}},"loc":{"start":{"line":73,"column":58},"end":{"line":77,"column":5}},"line":73},"4":{"name":"(anonymous_4)","decl":{"start":{"line":78,"column":11},"end":{"line":78,"column":12}},"loc":{"start":{"line":78,"column":18},"end":{"line":80,"column":5}},"line":78},"5":{"name":"(anonymous_5)","decl":{"start":{"line":89,"column":17},"end":{"line":89,"column":18}},"loc":{"start":{"line":89,"column":26},"end":{"line":93,"column":3}},"line":89},"6":{"name":"(anonymous_6)","decl":{"start":{"line":89,"column":26},"end":{"line":89,"column":27}},"loc":{"start":{"line":89,"column":37},"end":{"line":93,"column":3}},"line":89},"7":{"name":"(anonymous_7)","decl":{"start":{"line":95,"column":17},"end":{"line":95,"column":18}},"loc":{"start":{"line":95,"column":23},"end":{"line":110,"column":3}},"line":95},"8":{"name":"(anonymous_8)","decl":{"start":{"line":104,"column":12},"end":{"line":104,"column":13}},"loc":{"start":{"line":104,"column":18},"end":{"line":106,"column":7}},"line":104},"9":{"name":"(anonymous_9)","decl":{"start":{"line":107,"column":13},"end":{"line":107,"column":14}},"loc":{"start":{"line":107,"column":22},"end":{"line":109,"column":7}},"line":107},"10":{"name":"(anonymous_10)","decl":{"start":{"line":112,"column":16},"end":{"line":112,"column":17}},"loc":{"start":{"line":112,"column":25},"end":{"line":125,"column":3}},"line":112},"11":{"name":"(anonymous_11)","decl":{"start":{"line":116,"column":24},"end":{"line":116,"column":25}},"loc":{"start":{"line":116,"column":37},"end":{"line":119,"column":7}},"line":116},"12":{"name":"(anonymous_12)","decl":{"start":{"line":127,"column":14},"end":{"line":127,"column":15}},"loc":{"start":{"line":127,"column":23},"end":{"line":134,"column":3}},"line":127},"13":{"name":"(anonymous_13)","decl":{"start":{"line":127,"column":23},"end":{"line":127,"column":24}},"loc":{"start":{"line":127,"column":29},"end":{"line":134,"column":3}},"line":127},"14":{"name":"(anonymous_14)","decl":{"start":{"line":136,"column":13},"end":{"line":136,"column":14}},"loc":{"start":{"line":136,"column":19},"end":{"line":147,"column":3}},"line":136},"15":{"name":"(anonymous_15)","decl":{"start":{"line":141,"column":35},"end":{"line":141,"column":36}},"loc":{"start":{"line":141,"column":43},"end":{"line":141,"column":47}},"line":141},"16":{"name":"(anonymous_16)","decl":{"start":{"line":142,"column":35},"end":{"line":142,"column":36}},"loc":{"start":{"line":142,"column":43},"end":{"line":142,"column":47}},"line":142},"17":{"name":"(anonymous_17)","decl":{"start":{"line":149,"column":13},"end":{"line":149,"column":14}},"loc":{"start":{"line":149,"column":24},"end":{"line":157,"column":3}},"line":149},"18":{"name":"(anonymous_18)","decl":{"start":{"line":159,"column":2},"end":{"line":159,"column":3}},"loc":{"start":{"line":159,"column":11},"end":{"line":226,"column":3}},"line":159},"19":{"name":"(anonymous_19)","decl":{"start":{"line":207,"column":17},"end":{"line":207,"column":18}},"loc":{"start":{"line":208,"column":18},"end":{"line":218,"column":44}},"line":208},"20":{"name":"(anonymous_20)","decl":{"start":{"line":209,"column":21},"end":{"line":209,"column":22}},"loc":{"start":{"line":210,"column":22},"end":{"line":216,"column":31}},"line":210},"21":{"name":"(anonymous_21)","decl":{"start":{"line":211,"column":33},"end":{"line":211,"column":34}},"loc":{"start":{"line":211,"column":40},"end":{"line":211,"column":85}},"line":211}},"branchMap":{"0":{"loc":{"start":{"line":115,"column":4},"end":{"line":120,"column":5}},"type":"if","locations":[{"start":{"line":115,"column":4},"end":{"line":120,"column":5}},{"start":{"line":115,"column":4},"end":{"line":120,"column":5}}],"line":115},"1":{"loc":{"start":{"line":141,"column":4},"end":{"line":145,"column":5}},"type":"if","locations":[{"start":{"line":141,"column":4},"end":{"line":145,"column":5}},{"start":{"line":141,"column":4},"end":{"line":145,"column":5}}],"line":141},"2":{"loc":{"start":{"line":141,"column":8},"end":{"line":142,"column":48}},"type":"binary-expr","locations":[{"start":{"line":141,"column":8},"end":{"line":141,"column":48}},{"start":{"line":142,"column":7},"end":{"line":142,"column":48}}],"line":141},"3":{"loc":{"start":{"line":153,"column":4},"end":{"line":155,"column":5}},"type":"if","locations":[{"start":{"line":153,"column":4},"end":{"line":155,"column":5}},{"start":{"line":153,"column":4},"end":{"line":155,"column":5}}],"line":153},"4":{"loc":{"start":{"line":223,"column":9},"end":{"line":223,"column":65}},"type":"cond-expr","locations":[{"start":{"line":223,"column":21},"end":{"line":223,"column":60}},{"start":{"line":223,"column":63},"end":{"line":223,"column":65}}],"line":223}},"s":{"0":1,"1":0,"2":0,"3":0,"4":0,"5":0,"6":0,"7":0,"8":0,"9":0,"10":0,"11":0,"12":0,"13":0,"14":8,"15":0,"16":0,"17":0,"18":0,"19":0,"20":0,"21":0,"22":0,"23":0,"24":0,"25":0,"26":0,"27":8,"28":0,"29":0,"30":0,"31":0,"32":0,"33":0,"34":0,"35":0,"36":8,"37":8,"38":8,"39":0,"40":4,"41":4,"42":0,"43":0,"44":0},"f":{"0":0,"1":0,"2":0,"3":0,"4":0,"5":8,"6":0,"7":0,"8":0,"9":0,"10":0,"11":0,"12":8,"13":0,"14":0,"15":0,"16":0,"17":8,"18":4,"19":0,"20":0,"21":0},"b":{"0":[0,0],"1":[0,0],"2":[0,0],"3":[8,0],"4":[0,4]},"_coverageSchema":"332fd63041d2c1bcb487cc26dd0d5f7d97098a6c","hash":"5dabad057b1d66276852d8a0adb07fd3df201b7d"}
,"/home/trainode26/Projects/chat-server/src/pages/components/TableComponent.jsx": {"path":"/home/trainode26/Projects/chat-server/src/pages/components/TableComponent.jsx","statementMap":{"0":{"start":{"line":11,"column":15},"end":{"line":36,"column":2}},"1":{"start":{"line":11,"column":25},"end":{"line":36,"column":1}},"2":{"start":{"line":41,"column":4},"end":{"line":41,"column":33}},"3":{"start":{"line":45,"column":34},"end":{"line":45,"column":44}},"4":{"start":{"line":46,"column":20},"end":{"line":46,"column":65}},"5":{"start":{"line":47,"column":4},"end":{"line":61,"column":7}},"6":{"start":{"line":48,"column":6},"end":{"line":59,"column":7}},"7":{"start":{"line":49,"column":8},"end":{"line":58,"column":9}},"8":{"start":{"line":54,"column":53},"end":{"line":54,"column":89}},"9":{"start":{"line":60,"column":6},"end":{"line":60,"column":16}},"10":{"start":{"line":68,"column":8},"end":{"line":68,"column":18}},"11":{"start":{"line":69,"column":22},"end":{"line":69,"column":67}},"12":{"start":{"line":70,"column":4},"end":{"line":84,"column":6}},"13":{"start":{"line":87,"column":0},"end":{"line":93,"column":2}}},"fnMap":{"0":{"name":"(anonymous_0)","decl":{"start":{"line":11,"column":15},"end":{"line":11,"column":16}},"loc":{"start":{"line":11,"column":25},"end":{"line":36,"column":1}},"line":11},"1":{"name":"(anonymous_1)","decl":{"start":{"line":40,"column":2},"end":{"line":40,"column":3}},"loc":{"start":{"line":40,"column":22},"end":{"line":42,"column":3}},"line":40},"2":{"name":"(anonymous_2)","decl":{"start":{"line":44,"column":14},"end":{"line":44,"column":15}},"loc":{"start":{"line":44,"column":24},"end":{"line":62,"column":3}},"line":44},"3":{"name":"(anonymous_3)","decl":{"start":{"line":47,"column":31},"end":{"line":47,"column":32}},"loc":{"start":{"line":47,"column":43},"end":{"line":61,"column":5}},"line":47},"4":{"name":"(anonymous_4)","decl":{"start":{"line":54,"column":47},"end":{"line":54,"column":48}},"loc":{"start":{"line":54,"column":53},"end":{"line":54,"column":89}},"line":54},"5":{"name":"(anonymous_5)","decl":{"start":{"line":64,"column":2},"end":{"line":64,"column":3}},"loc":{"start":{"line":64,"column":11},"end":{"line":85,"column":3}},"line":64}},"branchMap":{"0":{"loc":{"start":{"line":48,"column":6},"end":{"line":59,"column":7}},"type":"if","locations":[{"start":{"line":48,"column":6},"end":{"line":59,"column":7}},{"start":{"line":48,"column":6},"end":{"line":59,"column":7}}],"line":48}},"s":{"0":1,"1":1,"2":0,"3":0,"4":0,"5":0,"6":0,"7":0,"8":0,"9":0,"10":2,"11":2,"12":2,"13":1},"f":{"0":1,"1":0,"2":0,"3":0,"4":0,"5":2},"b":{"0":[0,0]},"_coverageSchema":"332fd63041d2c1bcb487cc26dd0d5f7d97098a6c","hash":"b0d87b5890961d655efb09e3632a69a543f8ee32"}
}
