TN:
SF:/home/trainode26/Projects/chat-server/src/setupTest.js
FNF:0
FNH:0
DA:4,1
LF:1
LH:1
BRF:0
BRH:0
end_of_record
TN:
SF:/home/trainode26/Projects/chat-server/src/pages/SnackBarProvider/SnackBarProvider.jsx
FN:18,(anonymous_0)
FN:40,(anonymous_1)
FN:49,(anonymous_2)
FN:57,(anonymous_3)
FN:65,(anonymous_4)
FN:70,(anonymous_5)
FN:96,(anonymous_6)
FNF:7
FNH:1
FNDA:1,(anonymous_0)
FNDA:0,(anonymous_1)
FNDA:0,(anonymous_2)
FNDA:0,(anonymous_3)
FNDA:0,(anonymous_4)
FNDA:0,(anonymous_5)
FNDA:0,(anonymous_6)
DA:11,1
DA:13,1
DA:18,1
DA:41,0
DA:42,0
DA:50,0
DA:58,0
DA:66,0
DA:71,0
DA:72,0
DA:73,0
DA:97,0
DA:98,0
DA:100,0
DA:131,1
DA:135,1
DA:139,1
LF:17
LH:6
BRF:0
BRH:0
end_of_record
TN:
SF:/home/trainode26/Projects/chat-server/src/pages/SnackBarProvider/index.js
FNF:0
FNH:0
LF:0
LH:0
BRF:0
BRH:0
end_of_record
TN:
SF:/home/trainode26/Projects/chat-server/src/pages/components/CreateUser.jsx
FN:49,(anonymous_0)
FN:53,(anonymous_1)
FN:69,(anonymous_2)
FN:73,(anonymous_3)
FN:78,(anonymous_4)
FN:89,(anonymous_5)
FN:89,(anonymous_6)
FN:95,(anonymous_7)
FN:104,(anonymous_8)
FN:107,(anonymous_9)
FN:112,(anonymous_10)
FN:116,(anonymous_11)
FN:127,(anonymous_12)
FN:127,(anonymous_13)
FN:136,(anonymous_14)
FN:141,(anonymous_15)
FN:142,(anonymous_16)
FN:149,(anonymous_17)
FN:159,(anonymous_18)
FN:207,(anonymous_19)
FN:209,(anonymous_20)
FN:211,(anonymous_21)
FNF:22
FNH:4
FNDA:0,(anonymous_0)
FNDA:0,(anonymous_1)
FNDA:0,(anonymous_2)
FNDA:0,(anonymous_3)
FNDA:0,(anonymous_4)
FNDA:8,(anonymous_5)
FNDA:0,(anonymous_6)
FNDA:0,(anonymous_7)
FNDA:0,(anonymous_8)
FNDA:0,(anonymous_9)
FNDA:0,(anonymous_10)
FNDA:0,(anonymous_11)
FNDA:8,(anonymous_12)
FNDA:0,(anonymous_13)
FNDA:0,(anonymous_14)
FNDA:0,(anonymous_15)
FNDA:0,(anonymous_16)
FNDA:8,(anonymous_17)
FNDA:4,(anonymous_18)
FNDA:0,(anonymous_19)
FNDA:0,(anonymous_20)
FNDA:0,(anonymous_21)
DA:14,1
DA:50,0
DA:54,0
DA:70,0
DA:71,0
DA:72,0
DA:73,0
DA:74,0
DA:75,0
DA:76,0
DA:79,0
DA:81,0
DA:82,0
DA:83,0
DA:89,8
DA:90,0
DA:99,0
DA:100,0
DA:105,0
DA:108,0
DA:113,0
DA:114,0
DA:115,0
DA:116,0
DA:117,0
DA:118,0
DA:121,0
DA:127,8
DA:130,0
DA:131,0
DA:140,0
DA:141,0
DA:142,0
DA:144,0
DA:146,0
DA:152,8
DA:153,8
DA:154,8
DA:156,0
DA:160,4
DA:161,4
DA:208,0
DA:210,0
DA:211,0
LF:44
LH:8
BRDA:115,0,0,0
BRDA:115,0,1,0
BRDA:141,1,0,0
BRDA:141,1,1,0
BRDA:141,2,0,0
BRDA:141,2,1,0
BRDA:153,3,0,8
BRDA:153,3,1,0
BRDA:223,4,0,0
BRDA:223,4,1,4
BRF:10
BRH:2
end_of_record
TN:
SF:/home/trainode26/Projects/chat-server/src/pages/components/TableComponent.jsx
FN:11,(anonymous_0)
FN:40,(anonymous_1)
FN:44,(anonymous_2)
FN:47,(anonymous_3)
FN:54,(anonymous_4)
FN:64,(anonymous_5)
FNF:6
FNH:2
FNDA:1,(anonymous_0)
FNDA:0,(anonymous_1)
FNDA:0,(anonymous_2)
FNDA:0,(anonymous_3)
FNDA:0,(anonymous_4)
FNDA:2,(anonymous_5)
DA:11,1
DA:41,0
DA:45,0
DA:46,0
DA:47,0
DA:48,0
DA:49,0
DA:54,0
DA:60,0
DA:68,2
DA:69,2
DA:70,2
DA:87,1
LF:13
LH:5
BRDA:48,0,0,0
BRDA:48,0,1,0
BRF:2
BRH:0
end_of_record
